<?xml version="1.0" encoding="UTF-8"?>
<testng-results ignored="0" total="1" passed="1" failed="0" skipped="0">
  <reporter-output>
  </reporter-output>
  <suite started-at="2022-11-14T10:34:40 IST" name="Suite" finished-at="2022-11-14T10:34:50 IST" duration-ms="10234">
    <groups>
      <group name="Sanity">
        <method signature="ContactUsTest.TestContryandCityDropDown()[pri:0, instance:com.luxoft.testcases.ContactUsTest@76505305]" name="TestContryandCityDropDown" class="com.luxoft.testcases.ContactUsTest"/>
      </group> <!-- Sanity -->
      <group name="Regression">
        <method signature="ContactUsTest.TestContryandCityDropDown()[pri:0, instance:com.luxoft.testcases.ContactUsTest@76505305]" name="TestContryandCityDropDown" class="com.luxoft.testcases.ContactUsTest"/>
      </group> <!-- Regression -->
      <group name="Smoke">
        <method signature="ContactUsTest.TestContryandCityDropDown()[pri:0, instance:com.luxoft.testcases.ContactUsTest@76505305]" name="TestContryandCityDropDown" class="com.luxoft.testcases.ContactUsTest"/>
      </group> <!-- Smoke -->
    </groups>
    <test started-at="2022-11-14T10:34:40 IST" name="Test country and city drop downs on Chrome" finished-at="2022-11-14T10:34:50 IST" duration-ms="10234">
      <class name="com.luxoft.testcases.ContactUsTest">
        <test-method is-config="true" signature="initialiseExtentReports()[pri:0, instance:com.luxoft.testcases.ContactUsTest@76505305]" started-at="2022-11-14T10:34:39 IST" name="initialiseExtentReports" finished-at="2022-11-14T10:34:40 IST" duration-ms="594" status="PASS">
          <reporter-output>
          </reporter-output>
        </test-method> <!-- initialiseExtentReports -->
        <test-method is-config="true" signature="setup(org.testng.ITestContext,java.lang.String)[pri:0, instance:com.luxoft.testcases.ContactUsTest@76505305]" started-at="2022-11-14T10:34:40 IST" name="setup" finished-at="2022-11-14T10:34:43 IST" duration-ms="3353" status="PASS">
          <params>
            <param index="0">
              <value>
                <![CDATA[org.testng.TestRunner@4cc7d00d]]>
              </value>
            </param>
            <param index="1">
              <value>
                <![CDATA[Chrome]]>
              </value>
            </param>
          </params>
          <reporter-output>
          </reporter-output>
        </test-method> <!-- setup -->
        <test-method signature="TestContryandCityDropDown()[pri:0, instance:com.luxoft.testcases.ContactUsTest@76505305]" started-at="2022-11-14T10:34:43 IST" name="TestContryandCityDropDown" finished-at="2022-11-14T10:34:49 IST" duration-ms="6286" status="PASS">
          <reporter-output>
          </reporter-output>
        </test-method> <!-- TestContryandCityDropDown -->
        <test-method is-config="true" signature="checkStatus(java.lang.reflect.Method,org.testng.ITestResult)[pri:0, instance:com.luxoft.testcases.ContactUsTest@76505305]" started-at="2022-11-14T10:34:49 IST" name="checkStatus" finished-at="2022-11-14T10:34:50 IST" duration-ms="3" status="PASS">
          <params>
            <param index="0">
              <value>
                <![CDATA[public void com.luxoft.testcases.ContactUsTest.TestContryandCityDropDown() throws java.lang.Throwable]]>
              </value>
            </param>
            <param index="1">
              <value>
                <![CDATA[[TestResult name=TestContryandCityDropDown status=SUCCESS method=ContactUsTest.TestContryandCityDropDown()[pri:0, instance:com.luxoft.testcases.ContactUsTest@76505305] output={null}]]]>
              </value>
            </param>
          </params>
          <reporter-output>
          </reporter-output>
        </test-method> <!-- checkStatus -->
        <test-method is-config="true" signature="teardown()[pri:0, instance:com.luxoft.testcases.ContactUsTest@76505305]" started-at="2022-11-14T10:34:50 IST" name="teardown" finished-at="2022-11-14T10:34:50 IST" duration-ms="548" status="PASS">
          <reporter-output>
          </reporter-output>
        </test-method> <!-- teardown -->
        <test-method is-config="true" signature="generateExtentReports()[pri:0, instance:com.luxoft.testcases.ContactUsTest@76505305]" started-at="2022-11-14T10:34:50 IST" name="generateExtentReports" finished-at="2022-11-14T10:34:58 IST" duration-ms="7841" status="PASS">
          <reporter-output>
          </reporter-output>
        </test-method> <!-- generateExtentReports -->
      </class> <!-- com.luxoft.testcases.ContactUsTest -->
    </test> <!-- Test country and city drop downs on Chrome -->
  </suite> <!-- Suite -->
</testng-results>
